AndroidApplication/app/build/intermediates/manifest_merge_blame_file/debug/manifest-merger-blame-debug-report.txt
1<?xml version="1.0" encoding="utf-8"?>
2<manifest xmlns:android="http://schemas.android.com/apk/res/android"
3    package="com.example.androidapplication"
4    android:versionCode="1"
5    android:versionName="1.0" >
6
7    <uses-sdk
8        android:minSdkVersion="21"
8-->src\main\AndroidManifest.xml
9        android:targetSdkVersion="32" />
9-->src\main\AndroidManifest.xml
10
11    <uses-permission android:name="android.permission.INTERNET" />
11-->src\main\AndroidManifest.xml:6:5-66
11-->src\main\AndroidManifest.xml:6:22-64
12
13    <application
13-->src\main\AndroidManifest.xml:8:5-53:19
14        android:name="com.example.androidapplication.AndroidApplication"
14-->src\main\AndroidManifest.xml:19:9-43
15        android:allowBackup="true"
15-->src\main\AndroidManifest.xml:9:9-35
16        android:appComponentFactory="androidx.core.app.CoreComponentFactory"
16-->[androidx.core:core:1.7.0] AndroidManifest.xml:24:18-86
17        android:dataExtractionRules="@xml/data_extraction_rules"
17-->src\main\AndroidManifest.xml:10:9-65
18        android:debuggable="true"
19        android:fullBackupContent="@xml/backup_rules"
19-->src\main\AndroidManifest.xml:11:9-54
20        android:icon="@mipmap/ic_launcher"
20-->src\main\AndroidManifest.xml:12:9-43
21        android:label="@string/app_name"
21-->src\main\AndroidManifest.xml:13:9-41
22        android:roundIcon="@mipmap/ic_launcher_round"
22-->src\main\AndroidManifest.xml:14:9-54
23        android:supportsRtl="true"
23-->src\main\AndroidManifest.xml:15:9-35
24        android:testOnly="true"
25        android:theme="@style/AppTheme.NoActionBar"
25-->src\main\AndroidManifest.xml:16:9-52
26        android:usesCleartextTraffic="true" >
26-->src\main\AndroidManifest.xml:18:9-44
27        <activity
27-->src\main\AndroidManifest.xml:21:9-23:40
28            android:name="com.example.androidapplication.SettingsPage"
28-->src\main\AndroidManifest.xml:22:13-41
29            android:exported="false" />
29-->src\main\AndroidManifest.xml:23:13-37
30        <activity
30-->src\main\AndroidManifest.xml:24:9-26:40
31            android:name="com.example.androidapplication.AddContactActivity"
31-->src\main\AndroidManifest.xml:25:13-47
32            android:exported="false" />
32-->src\main\AndroidManifest.xml:26:13-37
33        <activity
33-->src\main\AndroidManifest.xml:27:9-30:45
34            android:name="com.example.androidapplication.adapters.CustomListAdapter"
34-->src\main\AndroidManifest.xml:28:13-55
35            android:exported="false" />
35-->src\main\AndroidManifest.xml:29:13-37
36        <activity
36-->src\main\AndroidManifest.xml:31:9-33:40
37            android:name="com.example.androidapplication.ChatActivity"
37-->src\main\AndroidManifest.xml:32:13-41
38            android:exported="false" />
38-->src\main\AndroidManifest.xml:33:13-37
39        <activity
39-->src\main\AndroidManifest.xml:34:9-37:45
40            android:name="com.example.androidapplication.entities.Contact"
40-->src\main\AndroidManifest.xml:35:13-45
41            android:exported="false" />
41-->src\main\AndroidManifest.xml:36:13-37
42        <activity
42-->src\main\AndroidManifest.xml:38:9-40:40
43            android:name="com.example.androidapplication.MainPage"
43-->src\main\AndroidManifest.xml:39:13-37
44            android:exported="false" />
44-->src\main\AndroidManifest.xml:40:13-37
45        <activity
45-->src\main\AndroidManifest.xml:41:9-43:40
46            android:name="com.example.androidapplication.RegisterPage"
46-->src\main\AndroidManifest.xml:42:13-41
47            android:exported="false" />
47-->src\main\AndroidManifest.xml:43:13-37
48        <activity
48-->src\main\AndroidManifest.xml:44:9-52:20
49            android:name="com.example.androidapplication.LoginPage"
49-->src\main\AndroidManifest.xml:45:13-38
50            android:exported="true" >
50-->src\main\AndroidManifest.xml:46:13-36
51            <intent-filter>
51-->src\main\AndroidManifest.xml:47:13-51:29
52                <action android:name="android.intent.action.MAIN" />
52-->src\main\AndroidManifest.xml:48:17-69
52-->src\main\AndroidManifest.xml:48:25-66
53
54                <category android:name="android.intent.category.LAUNCHER" />
54-->src\main\AndroidManifest.xml:50:17-77
54-->src\main\AndroidManifest.xml:50:27-74
55            </intent-filter>
56        </activity>
57
58        <service
58-->[androidx.room:room-runtime:2.4.2] AndroidManifest.xml:25:9-28:40
59            android:name="androidx.room.MultiInstanceInvalidationService"
59-->[androidx.room:room-runtime:2.4.2] AndroidManifest.xml:26:13-74
60            android:directBootAware="true"
60-->[androidx.room:room-runtime:2.4.2] AndroidManifest.xml:27:13-43
61            android:exported="false" />
61-->[androidx.room:room-runtime:2.4.2] AndroidManifest.xml:28:13-37
62
63        <provider
63-->[androidx.emoji2:emoji2:1.0.0] AndroidManifest.xml:26:9-34:20
64            android:name="androidx.startup.InitializationProvider"
64-->[androidx.emoji2:emoji2:1.0.0] AndroidManifest.xml:27:13-67
65            android:authorities="com.example.androidapplication.androidx-startup"
65-->[androidx.emoji2:emoji2:1.0.0] AndroidManifest.xml:28:13-68
66            android:exported="false" >
66-->[androidx.emoji2:emoji2:1.0.0] AndroidManifest.xml:29:13-37
67            <meta-data
67-->[androidx.emoji2:emoji2:1.0.0] AndroidManifest.xml:31:13-33:52
68                android:name="androidx.emoji2.text.EmojiCompatInitializer"
68-->[androidx.emoji2:emoji2:1.0.0] AndroidManifest.xml:32:17-75
69                android:value="androidx.startup" />
69-->[androidx.emoji2:emoji2:1.0.0] AndroidManifest.xml:33:17-49
70            <meta-data
70-->[androidx.lifecycle:lifecycle-process:2.4.0] AndroidManifest.xml:31:13-33:52
71                android:name="androidx.lifecycle.ProcessLifecycleInitializer"
71-->[androidx.lifecycle:lifecycle-process:2.4.0] AndroidManifest.xml:32:17-78
72                android:value="androidx.startup" />
72-->[androidx.lifecycle:lifecycle-process:2.4.0] AndroidManifest.xml:33:17-49
73        </provider>
74    </application>
75
76</manifest>